<?xml version="1.0" encoding="UTF-8"?>
<!-- Generated by org.testng.reporters.JUnitReportReporter -->
<testsuite hostname="pk-PC" failures="0" tests="3" name="base.BaseLogin" time="3.676" errors="1" timestamp="01 Dec 2021 10:17:10 GMT" skipped="2">
  <testcase classname="base.BaseLogin" name="SetUp" time="3.676">
    <error message="session not created: This version of ChromeDriver only supports Chrome version 91
Current browser version is 96.0.4664.45 with binary path C:\Program Files (x86)\Google\Chrome\Application\chrome.exe
Build info: version: &#039;3.141.59&#039;, revision: &#039;e82be7d358&#039;, time: &#039;2018-11-14T08:17:03&#039;
System info: host: &#039;PK-PC&#039;, ip: &#039;192.168.20.15&#039;, os.name: &#039;Windows 10&#039;, os.arch: &#039;amd64&#039;, os.version: &#039;10.0&#039;, java.version: &#039;15.0.2&#039;
Driver info: driver.version: ChromeDriver
remote stacktrace: Backtrace:
	Ordinal0 [0x005A2DB3+2502067]
	Ordinal0 [0x0053C5B1+2082225]
	Ordinal0 [0x00442498+1057944]
	Ordinal0 [0x004605DA+1181146]
	Ordinal0 [0x0045C43C+1164348]
	Ordinal0 [0x00459C73+1154163]
	Ordinal0 [0x00489A22+1350178]
	Ordinal0 [0x0048967A+1349242]
	Ordinal0 [0x00485BEB+1334251]
	Ordinal0 [0x00462174+1188212]
	Ordinal0 [0x00463009+1191945]
	GetHandleVerifier [0x0071EC5C+1511084]
	GetHandleVerifier [0x007C8522+2205554]
	GetHandleVerifier [0x00623393+480739]
	GetHandleVerifier [0x00622579+477129]
	Ordinal0 [0x00541E5D+2104925]
	Ordinal0 [0x005463F8+2122744]
	Ordinal0 [0x00546537+2123063]
	Ordinal0 [0x0054EE53+2158163]
	BaseThreadInitThunk [0x75BFFA29+25]
	RtlGetAppContainerNamedObjectPath [0x77627A9E+286]
	RtlGetAppContainerNamedObjectPath [0x77627A6E+238]
" type="org.openqa.selenium.SessionNotCreatedException">
      <![CDATA[org.openqa.selenium.SessionNotCreatedException: session not created: This version of ChromeDriver only supports Chrome version 91
Current browser version is 96.0.4664.45 with binary path C:\Program Files (x86)\Google\Chrome\Application\chrome.exe
Build info: version: '3.141.59', revision: 'e82be7d358', time: '2018-11-14T08:17:03'
System info: host: 'PK-PC', ip: '192.168.20.15', os.name: 'Windows 10', os.arch: 'amd64', os.version: '10.0', java.version: '15.0.2'
Driver info: driver.version: ChromeDriver
remote stacktrace: Backtrace:
	Ordinal0 [0x005A2DB3+2502067]
	Ordinal0 [0x0053C5B1+2082225]
	Ordinal0 [0x00442498+1057944]
	Ordinal0 [0x004605DA+1181146]
	Ordinal0 [0x0045C43C+1164348]
	Ordinal0 [0x00459C73+1154163]
	Ordinal0 [0x00489A22+1350178]
	Ordinal0 [0x0048967A+1349242]
	Ordinal0 [0x00485BEB+1334251]
	Ordinal0 [0x00462174+1188212]
	Ordinal0 [0x00463009+1191945]
	GetHandleVerifier [0x0071EC5C+1511084]
	GetHandleVerifier [0x007C8522+2205554]
	GetHandleVerifier [0x00623393+480739]
	GetHandleVerifier [0x00622579+477129]
	Ordinal0 [0x00541E5D+2104925]
	Ordinal0 [0x005463F8+2122744]
	Ordinal0 [0x00546537+2123063]
	Ordinal0 [0x0054EE53+2158163]
	BaseThreadInitThunk [0x75BFFA29+25]
	RtlGetAppContainerNamedObjectPath [0x77627A9E+286]
	RtlGetAppContainerNamedObjectPath [0x77627A6E+238]

	at java.base/jdk.internal.reflect.NativeConstructorAccessorImpl.newInstance0(Native Method)
	at java.base/jdk.internal.reflect.NativeConstructorAccessorImpl.newInstance(NativeConstructorAccessorImpl.java:64)
	at java.base/jdk.internal.reflect.DelegatingConstructorAccessorImpl.newInstance(DelegatingConstructorAccessorImpl.java:45)
	at java.base/java.lang.reflect.Constructor.newInstanceWithCaller(Constructor.java:500)
	at java.base/java.lang.reflect.Constructor.newInstance(Constructor.java:481)
	at org.openqa.selenium.remote.W3CHandshakeResponse.lambda$errorHandler$0(W3CHandshakeResponse.java:62)
	at org.openqa.selenium.remote.HandshakeResponse.lambda$getResponseFunction$0(HandshakeResponse.java:30)
	at org.openqa.selenium.remote.ProtocolHandshake.lambda$createSession$0(ProtocolHandshake.java:126)
	at java.base/java.util.stream.ReferencePipeline$3$1.accept(ReferencePipeline.java:195)
	at java.base/java.util.Spliterators$ArraySpliterator.tryAdvance(Spliterators.java:958)
	at java.base/java.util.stream.ReferencePipeline.forEachWithCancel(ReferencePipeline.java:127)
	at java.base/java.util.stream.AbstractPipeline.copyIntoWithCancel(AbstractPipeline.java:502)
	at java.base/java.util.stream.AbstractPipeline.copyInto(AbstractPipeline.java:488)
	at java.base/java.util.stream.AbstractPipeline.wrapAndCopyInto(AbstractPipeline.java:474)
	at java.base/java.util.stream.FindOps$FindOp.evaluateSequential(FindOps.java:150)
	at java.base/java.util.stream.AbstractPipeline.evaluate(AbstractPipeline.java:234)
	at java.base/java.util.stream.ReferencePipeline.findFirst(ReferencePipeline.java:543)
	at org.openqa.selenium.remote.ProtocolHandshake.createSession(ProtocolHandshake.java:128)
	at org.openqa.selenium.remote.ProtocolHandshake.createSession(ProtocolHandshake.java:74)
	at org.openqa.selenium.remote.HttpCommandExecutor.execute(HttpCommandExecutor.java:136)
	at org.openqa.selenium.remote.service.DriverCommandExecutor.execute(DriverCommandExecutor.java:83)
	at org.openqa.selenium.remote.RemoteWebDriver.execute(RemoteWebDriver.java:552)
	at org.openqa.selenium.remote.RemoteWebDriver.startSession(RemoteWebDriver.java:213)
	at org.openqa.selenium.remote.RemoteWebDriver.<init>(RemoteWebDriver.java:131)
	at org.openqa.selenium.chrome.ChromeDriver.<init>(ChromeDriver.java:181)
	at org.openqa.selenium.chrome.ChromeDriver.<init>(ChromeDriver.java:168)
	at org.openqa.selenium.chrome.ChromeDriver.<init>(ChromeDriver.java:123)
	at base.BaseLogin.SetUp(BaseLogin.java:27)
	at java.base/jdk.internal.reflect.NativeMethodAccessorImpl.invoke0(Native Method)
	at java.base/jdk.internal.reflect.NativeMethodAccessorImpl.invoke(NativeMethodAccessorImpl.java:64)
	at java.base/jdk.internal.reflect.DelegatingMethodAccessorImpl.invoke(DelegatingMethodAccessorImpl.java:43)
	at java.base/java.lang.reflect.Method.invoke(Method.java:564)
	at org.testng.internal.MethodInvocationHelper.invokeMethod(MethodInvocationHelper.java:108)
	at org.testng.internal.Invoker.invokeConfigurationMethod(Invoker.java:523)
	at org.testng.internal.Invoker.invokeConfigurations(Invoker.java:224)
	at org.testng.internal.Invoker.invokeMethod(Invoker.java:599)
	at org.testng.internal.Invoker.invokeTestMethod(Invoker.java:869)
	at org.testng.internal.Invoker.invokeTestMethods(Invoker.java:1193)
	at org.testng.internal.TestMethodWorker.invokeTestMethods(TestMethodWorker.java:126)
	at org.testng.internal.TestMethodWorker.run(TestMethodWorker.java:109)
	at org.testng.TestRunner.privateRun(TestRunner.java:744)
	at org.testng.TestRunner.run(TestRunner.java:602)
	at org.testng.SuiteRunner.runTest(SuiteRunner.java:380)
	at org.testng.SuiteRunner.runSequentially(SuiteRunner.java:375)
	at org.testng.SuiteRunner.privateRun(SuiteRunner.java:340)
	at org.testng.SuiteRunner.run(SuiteRunner.java:289)
	at org.testng.SuiteRunnerWorker.runSuite(SuiteRunnerWorker.java:52)
	at org.testng.SuiteRunnerWorker.run(SuiteRunnerWorker.java:86)
	at org.testng.TestNG.runSuitesSequentially(TestNG.java:1301)
	at org.testng.TestNG.runSuitesLocally(TestNG.java:1226)
	at org.testng.TestNG.runSuites(TestNG.java:1144)
	at org.testng.TestNG.run(TestNG.java:1115)
	at org.testng.remote.AbstractRemoteTestNG.run(AbstractRemoteTestNG.java:115)
	at org.testng.remote.RemoteTestNG.initAndRun(RemoteTestNG.java:251)
	at org.testng.remote.RemoteTestNG.main(RemoteTestNG.java:77)
]]>
    </error>
  </testcase> <!-- SetUp -->
  <testcase classname="base.BaseLogin" name="AddInCart" time="0.000">
    <skipped/>
  </testcase> <!-- AddInCart -->
  <testcase classname="base.BaseLogin" name="LogOut" time="0.000">
    <skipped/>
  </testcase> <!-- LogOut -->
</testsuite> <!-- base.BaseLogin -->
